<?xml version="1.0" encoding="UTF-8"?>
<testsuites name="pointManagement" time="29.422" tests="3" failures="0" errors="0">
   <testsuite name="pointManagement" tests="3" failures="0" errors="0" time="29.422" skipped="0" timestamp="2022-01-17 08:58:38" hostname="NHN - 10.78.206.220" id="Test Suites/pointManagement">
      <properties>
         <property name="deviceName" value=""/>
         <property name="devicePlatform" value=""/>
         <property name="logFolder" value="C:\\Users\\NHN\\git\\shopby\\Reports\\20220117_085830\\pointManagement\\20220117_085830"/>
         <property name="logFiles" value="C:\\Users\\NHN\\git\\shopby\\Reports\\20220117_085830\\pointManagement\\20220117_085830\\execution0.log"/>
         <property name="attachments" value=""/>
         <property name="hostName" value="NHN - 10.78.206.220"/>
         <property name="os" value="Windows 10 64bit"/>
         <property name="katalonVersion" value="8.2.0.208"/>
         <property name="browser" value="Chrome 97.0.4692.71"/>
         <property name="hostAddress" value="10.78.206.220"/>
         <property name="sessionId" value="790b0b817c580c5935d0e7c26b3bf6b5"/>
         <property name="seleniumVersion" value="3.141.59"/>
         <property name="proxyInformation" value="ProxyInformation { proxyOption=NO_PROXY, proxyServerType=HTTP, username=, password=********, proxyServerAddress=, proxyServerPort=0, executionList=&quot;&quot;, isApplyToDesiredCapabilities=true }"/>
         <property name="platform" value="Windows 10"/>
      </properties>
      <testcase name="Test Cases/login" time="21.427" classname="Test Cases/login" status="PASSED">
         <system-out><![CDATA[2022-01-17 08:58:39 - [TEST_CASE][PASSED] - Test Cases/login: Test Cases/login

2022-01-17 08:58:39 - [TEST_STEP][PASSED] - openBrowser(""): Browser is opened with url: ''

2022-01-17 08:58:40 - [MESSAGE][INFO] - Starting 'Chrome' driver

2022-01-17 08:58:40 - [MESSAGE][INFO] - Action delay is set to 0 milliseconds

2022-01-17 08:58:53 - [MESSAGE][PASSED] - Browser is opened with url: ''

2022-01-17 08:58:53 - [TEST_STEP][PASSED] - navigateToUrl("https://alpha-admin.shopby.co.kr/pro/auth"): Navigate to 'https://alpha-admin.shopby.co.kr/pro/auth' successfully

2022-01-17 08:58:58 - [MESSAGE][PASSED] - Navigate to 'https://alpha-admin.shopby.co.kr/pro/auth' successfully

2022-01-17 08:58:58 - [TEST_STEP][PASSED] - setText(findTestObject("Page_shopby-pro-admin/input_id"), "shopbyproadmin"): Text 'shopbyproadmin' is set on object 'Object Repository/Page_shopby-pro-admin/input_id'

2022-01-17 08:58:59 - [MESSAGE][PASSED] - Text 'shopbyproadmin' is set on object 'Object Repository/Page_shopby-pro-admin/input_id'

2022-01-17 08:58:59 - [TEST_STEP][PASSED] - setEncryptedText(findTestObject("Page_shopby-pro-admin/input_password"), "YY6OvKdam5zXcWhrYqhBkg=="): Text ****** has been set on object 'Object Repository/Page_shopby-pro-admin/input_password'

2022-01-17 08:58:59 - [MESSAGE][PASSED] - Text ****** has been set on object 'Object Repository/Page_shopby-pro-admin/input_password'

2022-01-17 08:58:59 - [TEST_STEP][PASSED] - click(findTestObject("Page_shopby-pro-admin/button_login")): Object: 'Object Repository/Page_shopby-pro-admin/button_login' is clicked on

2022-01-17 08:59:00 - [MESSAGE][PASSED] - Object: 'Object Repository/Page_shopby-pro-admin/button_login' is clicked on]]></system-out>
         <system-err><![CDATA[]]></system-err>
      </testcase>
      <testcase name="Test Cases/Point Payment Deduction Management" time="4.12" classname="Test Cases/Point Payment Deduction Management" status="PASSED">
         <system-out><![CDATA[2022-01-17 08:59:00 - [TEST_CASE][PASSED] - Test Cases/Point Payment Deduction Management: Test Cases/Point Payment Deduction Management

2022-01-17 08:59:01 - [TEST_STEP][PASSED] - click(findTestObject("Object Repository/Page_shopby-pro-admin/a_Member")): Object: 'Object Repository/Page_shopby-pro-admin/a_Member' is clicked on

2022-01-17 08:59:03 - [MESSAGE][PASSED] - Object: 'Object Repository/Page_shopby-pro-admin/a_Member' is clicked on

2022-01-17 08:59:03 - [TEST_STEP][PASSED] - click(findTestObject("Object Repository/Page_shopby-pro-admin/span_PointManagement")): Object: 'Object Repository/Page_shopby-pro-admin/span_PointManagement' is clicked on

2022-01-17 08:59:03 - [MESSAGE][PASSED] - Object: 'Object Repository/Page_shopby-pro-admin/span_PointManagement' is clicked on

2022-01-17 08:59:03 - [TEST_STEP][PASSED] - click(findTestObject("Page_shopby-pro-admin/a__PointPaymentDedutionManagement")): Object: 'Object Repository/Page_shopby-pro-admin/a__PointPaymentDedutionManagement' is clicked on

2022-01-17 08:59:04 - [MESSAGE][PASSED] - Object: 'Object Repository/Page_shopby-pro-admin/a__PointPaymentDedutionManagement' is clicked on]]></system-out>
         <system-err><![CDATA[]]></system-err>
      </testcase>
      <testcase name="Test Cases/Manage Reserve Settings" time="3.244" classname="Test Cases/Manage Reserve Settings" status="PASSED">
         <system-out><![CDATA[2022-01-17 08:59:04 - [TEST_CASE][PASSED] - Test Cases/Manage Reserve Settings: Test Cases/Manage Reserve Settings

2022-01-17 08:59:05 - [TEST_STEP][PASSED] - click(findTestObject("Object Repository/Page_shopby-pro-admin/a_Member")): Object: 'Object Repository/Page_shopby-pro-admin/a_Member' is clicked on

2022-01-17 08:59:06 - [MESSAGE][PASSED] - Object: 'Object Repository/Page_shopby-pro-admin/a_Member' is clicked on

2022-01-17 08:59:06 - [TEST_STEP][PASSED] - click(findTestObject("Object Repository/Page_shopby-pro-admin/span_PointManagement")): Object: 'Object Repository/Page_shopby-pro-admin/span_PointManagement' is clicked on

2022-01-17 08:59:06 - [MESSAGE][PASSED] - Object: 'Object Repository/Page_shopby-pro-admin/span_PointManagement' is clicked on

2022-01-17 08:59:06 - [TEST_STEP][PASSED] - click(findTestObject("Object Repository/Page_shopby-pro-admin/a__ManageReserveSetting")): Object: 'Object Repository/Page_shopby-pro-admin/a__ManageReserveSetting' is clicked on

2022-01-17 08:59:07 - [MESSAGE][PASSED] - Object: 'Object Repository/Page_shopby-pro-admin/a__ManageReserveSetting' is clicked on]]></system-out>
         <system-err><![CDATA[]]></system-err>
      </testcase>
      <system-out><![CDATA[2022-01-17 08:58:38 - [TEST_SUITE][PASSED] - pointManagement: Test Cases/Manage Reserve Settings]]></system-out>
      <system-err><![CDATA[]]></system-err>
   </testsuite>
</testsuites>
