<?xml version="1.0" encoding="UTF-8"?>
<testsuites name="admin_product" time="19.151" tests="1" failures="0" errors="0">
   <testsuite name="admin_product" tests="1" failures="0" errors="0" time="19.151" skipped="0" timestamp="2022-01-14 09:37:08" hostname="NHN - AL01590832" id="Test Suites/admin_product">
      <properties>
         <property name="deviceName" value=""/>
         <property name="devicePlatform" value=""/>
         <property name="logFolder" value="C:\\Users\\NHN\\git\\shopby\\Reports\\20220114_093657\\admin_product\\20220114_093657"/>
         <property name="logFiles" value="C:\\Users\\NHN\\git\\shopby\\Reports\\20220114_093657\\admin_product\\20220114_093657\\execution0.log"/>
         <property name="attachments" value=""/>
         <property name="hostName" value="NHN - AL01590832"/>
         <property name="os" value="Windows 10 64bit"/>
         <property name="katalonVersion" value="8.2.0.208"/>
         <property name="browser" value="Chrome 97.0.4692.71"/>
         <property name="hostAddress" value="192.168.0.8"/>
         <property name="sessionId" value="0f2efd03a77baa535e89d9444e60cc23"/>
         <property name="seleniumVersion" value="3.141.59"/>
         <property name="proxyInformation" value="ProxyInformation { proxyOption=NO_PROXY, proxyServerType=HTTP, username=, password=********, proxyServerAddress=, proxyServerPort=0, executionList=&quot;&quot;, isApplyToDesiredCapabilities=true }"/>
         <property name="platform" value="Windows 10"/>
      </properties>
      <testcase name="Test Cases/admin_product" time="18.76" classname="Test Cases/admin_product" status="PASSED">
         <system-out><![CDATA[2022-01-14 09:37:09 - [TEST_CASE][PASSED] - Test Cases/admin_product: Test Cases/admin_product

2022-01-14 09:37:09 - [TEST_STEP][PASSED] - openBrowser(""): Browser is opened with url: ''

2022-01-14 09:37:10 - [MESSAGE][INFO] - Starting 'Chrome' driver

2022-01-14 09:37:10 - [MESSAGE][INFO] - Action delay is set to 0 milliseconds

2022-01-14 09:37:18 - [MESSAGE][PASSED] - Browser is opened with url: ''

2022-01-14 09:37:18 - [TEST_STEP][PASSED] - navigateToUrl("https://alpha-admin.shopby.co.kr/pro/auth"): Navigate to 'https://alpha-admin.shopby.co.kr/pro/auth' successfully

2022-01-14 09:37:22 - [MESSAGE][PASSED] - Navigate to 'https://alpha-admin.shopby.co.kr/pro/auth' successfully

2022-01-14 09:37:22 - [TEST_STEP][PASSED] - setText(findTestObject("Object Repository/admin_product/Page_shopby-pro-admin/input__ncp_input w220"), "shopbyproadmin"): Text 'shopbyproadmin' is set on object 'Object Repository/admin_product/Page_shopby-pro-admin/input__ncp_input w220'

2022-01-14 09:37:22 - [MESSAGE][PASSED] - Text 'shopbyproadmin' is set on object 'Object Repository/admin_product/Page_shopby-pro-admin/input__ncp_input w220'

2022-01-14 09:37:22 - [TEST_STEP][PASSED] - setEncryptedText(findTestObject("Object Repository/admin_product/Page_shopby-pro-admin/input__w220"), "YY6OvKdam5zXcWhrYqhBkg=="): Text ****** has been set on object 'Object Repository/admin_product/Page_shopby-pro-admin/input__w220'

2022-01-14 09:37:23 - [MESSAGE][PASSED] - Text ****** has been set on object 'Object Repository/admin_product/Page_shopby-pro-admin/input__w220'

2022-01-14 09:37:23 - [TEST_STEP][PASSED] - click(findTestObject("Object Repository/admin_product/Page_shopby-pro-admin/button_")): Object: 'Object Repository/admin_product/Page_shopby-pro-admin/button_' is clicked on

2022-01-14 09:37:23 - [MESSAGE][PASSED] - Object: 'Object Repository/admin_product/Page_shopby-pro-admin/button_' is clicked on

2022-01-14 09:37:23 - [TEST_STEP][PASSED] - click(findTestObject("admin_product/Page_shopby-pro-admin/a_product")): Object: 'Object Repository/admin_product/Page_shopby-pro-admin/a_product' is clicked on

2022-01-14 09:37:26 - [MESSAGE][PASSED] - Object: 'Object Repository/admin_product/Page_shopby-pro-admin/a_product' is clicked on

2022-01-14 09:37:26 - [TEST_STEP][PASSED] - click(findTestObject("admin_product/Page_shopby-pro-admin/a__productlist")): Object: 'Object Repository/admin_product/Page_shopby-pro-admin/a__productlist' is clicked on

2022-01-14 09:37:27 - [MESSAGE][PASSED] - Object: 'Object Repository/admin_product/Page_shopby-pro-admin/a__productlist' is clicked on]]></system-out>
         <system-err><![CDATA[]]></system-err>
      </testcase>
      <system-out><![CDATA[2022-01-14 09:37:08 - [TEST_SUITE][PASSED] - admin_product: Test Cases/admin_product]]></system-out>
      <system-err><![CDATA[]]></system-err>
   </testsuite>
</testsuites>
