<?xml version="1.0" encoding="UTF-8"?>
<testsuites name="member" time="43.598" tests="8" failures="0" errors="0">
   <testsuite name="member" tests="8" failures="0" errors="0" time="43.598" skipped="0" timestamp="2022-01-17 08:54:38" hostname="NHN - 10.78.206.220" id="Test Suites/member">
      <properties>
         <property name="deviceName" value=""/>
         <property name="devicePlatform" value=""/>
         <property name="logFolder" value="C:\\Users\\NHN\\git\\shopby\\Reports\\20220117_085430\\member\\20220117_085430"/>
         <property name="logFiles" value="C:\\Users\\NHN\\git\\shopby\\Reports\\20220117_085430\\member\\20220117_085430\\execution0.log"/>
         <property name="attachments" value=""/>
         <property name="hostName" value="NHN - 10.78.206.220"/>
         <property name="os" value="Windows 10 64bit"/>
         <property name="katalonVersion" value="8.2.0.208"/>
         <property name="browser" value="Chrome 97.0.4692.71"/>
         <property name="hostAddress" value="10.78.206.220"/>
         <property name="sessionId" value="050118852b6e85d956c170b2c8047bf8"/>
         <property name="seleniumVersion" value="3.141.59"/>
         <property name="proxyInformation" value="ProxyInformation { proxyOption=NO_PROXY, proxyServerType=HTTP, username=, password=********, proxyServerAddress=, proxyServerPort=0, executionList=&quot;&quot;, isApplyToDesiredCapabilities=true }"/>
         <property name="platform" value="Windows 10"/>
      </properties>
      <testcase name="Test Cases/login" time="21.339" classname="Test Cases/login" status="PASSED">
         <system-out><![CDATA[2022-01-17 08:54:39 - [TEST_CASE][PASSED] - Test Cases/login: Test Cases/login

2022-01-17 08:54:39 - [TEST_STEP][PASSED] - openBrowser(""): Browser is opened with url: ''

2022-01-17 08:54:40 - [MESSAGE][INFO] - Starting 'Chrome' driver

2022-01-17 08:54:40 - [MESSAGE][INFO] - Action delay is set to 0 milliseconds

2022-01-17 08:54:53 - [MESSAGE][PASSED] - Browser is opened with url: ''

2022-01-17 08:54:53 - [TEST_STEP][PASSED] - navigateToUrl("https://alpha-admin.shopby.co.kr/pro/auth"): Navigate to 'https://alpha-admin.shopby.co.kr/pro/auth' successfully

2022-01-17 08:54:58 - [MESSAGE][PASSED] - Navigate to 'https://alpha-admin.shopby.co.kr/pro/auth' successfully

2022-01-17 08:54:58 - [TEST_STEP][PASSED] - setText(findTestObject("Page_shopby-pro-admin/input_id"), "shopbyproadmin"): Text 'shopbyproadmin' is set on object 'Object Repository/Page_shopby-pro-admin/input_id'

2022-01-17 08:54:59 - [MESSAGE][PASSED] - Text 'shopbyproadmin' is set on object 'Object Repository/Page_shopby-pro-admin/input_id'

2022-01-17 08:54:59 - [TEST_STEP][PASSED] - setEncryptedText(findTestObject("Page_shopby-pro-admin/input_password"), "YY6OvKdam5zXcWhrYqhBkg=="): Text ****** has been set on object 'Object Repository/Page_shopby-pro-admin/input_password'

2022-01-17 08:54:59 - [MESSAGE][PASSED] - Text ****** has been set on object 'Object Repository/Page_shopby-pro-admin/input_password'

2022-01-17 08:54:59 - [TEST_STEP][PASSED] - click(findTestObject("Page_shopby-pro-admin/button_login")): Object: 'Object Repository/Page_shopby-pro-admin/button_login' is clicked on

2022-01-17 08:55:00 - [MESSAGE][PASSED] - Object: 'Object Repository/Page_shopby-pro-admin/button_login' is clicked on]]></system-out>
         <system-err><![CDATA[]]></system-err>
      </testcase>
      <testcase name="Test Cases/Member List" time="4.297" classname="Test Cases/Member List" status="PASSED">
         <system-out><![CDATA[2022-01-17 08:55:00 - [TEST_CASE][PASSED] - Test Cases/Member List: Test Cases/Member List

2022-01-17 08:55:02 - [TEST_STEP][PASSED] - click(findTestObject("Page_shopby-pro-admin/a_member")): Object: 'Object Repository/Page_shopby-pro-admin/a_member' is clicked on

2022-01-17 08:55:03 - [MESSAGE][PASSED] - Object: 'Object Repository/Page_shopby-pro-admin/a_member' is clicked on

2022-01-17 08:55:03 - [TEST_STEP][PASSED] - click(findTestObject("Page_shopby-pro-admin/span_MemberManagement")): Object: 'Object Repository/Page_shopby-pro-admin/span_MemberManagement' is clicked on

2022-01-17 08:55:03 - [MESSAGE][PASSED] - Object: 'Object Repository/Page_shopby-pro-admin/span_MemberManagement' is clicked on

2022-01-17 08:55:03 - [TEST_STEP][PASSED] - click(findTestObject("Page_shopby-pro-admin/a__MemberLlist")): Object: 'Object Repository/Page_shopby-pro-admin/a__MemberLlist' is clicked on

2022-01-17 08:55:04 - [MESSAGE][PASSED] - Object: 'Object Repository/Page_shopby-pro-admin/a__MemberLlist' is clicked on]]></system-out>
         <system-err><![CDATA[]]></system-err>
      </testcase>
      <testcase name="Test Cases/Member Reg" time="2.747" classname="Test Cases/Member Reg" status="PASSED">
         <system-out><![CDATA[2022-01-17 08:55:04 - [TEST_CASE][PASSED] - Test Cases/Member Reg: Test Cases/Member Reg

2022-01-17 08:55:05 - [TEST_STEP][PASSED] - click(findTestObject("Page_shopby-pro-admin/a_Member")): Object: 'Object Repository/Page_shopby-pro-admin/a_Member' is clicked on

2022-01-17 08:55:06 - [MESSAGE][PASSED] - Object: 'Object Repository/Page_shopby-pro-admin/a_Member' is clicked on

2022-01-17 08:55:06 - [TEST_STEP][PASSED] - click(findTestObject("Page_shopby-pro-admin/span_MemberManagement")): Object: 'Object Repository/Page_shopby-pro-admin/span_MemberManagement' is clicked on

2022-01-17 08:55:06 - [MESSAGE][PASSED] - Object: 'Object Repository/Page_shopby-pro-admin/span_MemberManagement' is clicked on

2022-01-17 08:55:06 - [TEST_STEP][PASSED] - click(findTestObject("Page_shopby-pro-admin/a__MemberReg")): Object: 'Object Repository/Page_shopby-pro-admin/a__MemberReg' is clicked on

2022-01-17 08:55:07 - [MESSAGE][PASSED] - Object: 'Object Repository/Page_shopby-pro-admin/a__MemberReg' is clicked on]]></system-out>
         <system-err><![CDATA[]]></system-err>
      </testcase>
      <testcase name="Test Cases/Withdraw Member List" time="2.949" classname="Test Cases/Withdraw Member List" status="PASSED">
         <system-out><![CDATA[2022-01-17 08:55:07 - [TEST_CASE][PASSED] - Test Cases/Withdraw Member List: Test Cases/Withdraw Member List

2022-01-17 08:55:08 - [TEST_STEP][PASSED] - click(findTestObject("Page_shopby-pro-admin/a_Member")): Object: 'Object Repository/Page_shopby-pro-admin/a_Member' is clicked on

2022-01-17 08:55:09 - [MESSAGE][PASSED] - Object: 'Object Repository/Page_shopby-pro-admin/a_Member' is clicked on

2022-01-17 08:55:09 - [TEST_STEP][PASSED] - click(findTestObject("Page_shopby-pro-admin/span_MemberManagement")): Object: 'Object Repository/Page_shopby-pro-admin/span_MemberManagement' is clicked on

2022-01-17 08:55:09 - [MESSAGE][PASSED] - Object: 'Object Repository/Page_shopby-pro-admin/span_MemberManagement' is clicked on

2022-01-17 08:55:09 - [TEST_STEP][PASSED] - click(findTestObject("Page_shopby-pro-admin/a__WithdrawMemberList")): Object: 'Object Repository/Page_shopby-pro-admin/a__WithdrawMemberList' is clicked on

2022-01-17 08:55:10 - [MESSAGE][PASSED] - Object: 'Object Repository/Page_shopby-pro-admin/a__WithdrawMemberList' is clicked on]]></system-out>
         <system-err><![CDATA[]]></system-err>
      </testcase>
      <testcase name="Test Cases/Dormant Member List" time="2.745" classname="Test Cases/Dormant Member List" status="PASSED">
         <system-out><![CDATA[2022-01-17 08:55:10 - [TEST_CASE][PASSED] - Test Cases/Dormant Member List: Test Cases/Dormant Member List

2022-01-17 08:55:11 - [TEST_STEP][PASSED] - click(findTestObject("Page_shopby-pro-admin/a_Member")): Object: 'Object Repository/Page_shopby-pro-admin/a_Member' is clicked on

2022-01-17 08:55:12 - [MESSAGE][PASSED] - Object: 'Object Repository/Page_shopby-pro-admin/a_Member' is clicked on

2022-01-17 08:55:12 - [TEST_STEP][PASSED] - click(findTestObject("Page_shopby-pro-admin/span_MemberManagement")): Object: 'Object Repository/Page_shopby-pro-admin/span_MemberManagement' is clicked on

2022-01-17 08:55:12 - [MESSAGE][PASSED] - Object: 'Object Repository/Page_shopby-pro-admin/span_MemberManagement' is clicked on

2022-01-17 08:55:12 - [TEST_STEP][PASSED] - click(findTestObject("Page_shopby-pro-admin/a__DormantMemberList")): Object: 'Object Repository/Page_shopby-pro-admin/a__DormantMemberList' is clicked on

2022-01-17 08:55:13 - [MESSAGE][PASSED] - Object: 'Object Repository/Page_shopby-pro-admin/a__DormantMemberList' is clicked on]]></system-out>
         <system-err><![CDATA[]]></system-err>
      </testcase>
      <testcase name="Test Cases/Membership Level Management" time="2.81" classname="Test Cases/Membership Level Management" status="PASSED">
         <system-out><![CDATA[2022-01-17 08:55:13 - [TEST_CASE][PASSED] - Test Cases/Membership Level Management: Test Cases/Membership Level Management

2022-01-17 08:55:14 - [TEST_STEP][PASSED] - click(findTestObject("Page_shopby-pro-admin/a_Member")): Object: 'Object Repository/Page_shopby-pro-admin/a_Member' is clicked on

2022-01-17 08:55:14 - [MESSAGE][PASSED] - Object: 'Object Repository/Page_shopby-pro-admin/a_Member' is clicked on

2022-01-17 08:55:14 - [TEST_STEP][PASSED] - click(findTestObject("Page_shopby-pro-admin/span_MemberManagement")): Object: 'Object Repository/Page_shopby-pro-admin/span_MemberManagement' is clicked on

2022-01-17 08:55:15 - [MESSAGE][PASSED] - Object: 'Object Repository/Page_shopby-pro-admin/span_MemberManagement' is clicked on

2022-01-17 08:55:15 - [TEST_STEP][PASSED] - click(findTestObject("Page_shopby-pro-admin/a__MembershipLevelManagement")): Object: 'Object Repository/Page_shopby-pro-admin/a__MembershipLevelManagement' is clicked on

2022-01-17 08:55:16 - [MESSAGE][PASSED] - Object: 'Object Repository/Page_shopby-pro-admin/a__MembershipLevelManagement' is clicked on]]></system-out>
         <system-err><![CDATA[]]></system-err>
      </testcase>
      <testcase name="Test Cases/Manage Reserve Settings" time="2.755" classname="Test Cases/Manage Reserve Settings" status="PASSED">
         <system-out><![CDATA[2022-01-17 08:55:16 - [TEST_CASE][PASSED] - Test Cases/Manage Reserve Settings: Test Cases/Manage Reserve Settings

2022-01-17 08:55:16 - [TEST_STEP][PASSED] - click(findTestObject("Object Repository/Page_shopby-pro-admin/a_Member")): Object: 'Object Repository/Page_shopby-pro-admin/a_Member' is clicked on

2022-01-17 08:55:17 - [MESSAGE][PASSED] - Object: 'Object Repository/Page_shopby-pro-admin/a_Member' is clicked on

2022-01-17 08:55:17 - [TEST_STEP][PASSED] - click(findTestObject("Object Repository/Page_shopby-pro-admin/span_PointManagement")): Object: 'Object Repository/Page_shopby-pro-admin/span_PointManagement' is clicked on

2022-01-17 08:55:17 - [MESSAGE][PASSED] - Object: 'Object Repository/Page_shopby-pro-admin/span_PointManagement' is clicked on

2022-01-17 08:55:17 - [TEST_STEP][PASSED] - click(findTestObject("Object Repository/Page_shopby-pro-admin/a__ManageReserveSetting")): Object: 'Object Repository/Page_shopby-pro-admin/a__ManageReserveSetting' is clicked on

2022-01-17 08:55:18 - [MESSAGE][PASSED] - Object: 'Object Repository/Page_shopby-pro-admin/a__ManageReserveSetting' is clicked on]]></system-out>
         <system-err><![CDATA[]]></system-err>
      </testcase>
      <testcase name="Test Cases/Mail Management" time="3.218" classname="Test Cases/Mail Management" status="PASSED">
         <system-out><![CDATA[2022-01-17 08:55:18 - [TEST_CASE][PASSED] - Test Cases/Mail Management: Test Cases/Mail Management

2022-01-17 08:55:19 - [TEST_STEP][PASSED] - click(findTestObject("Page_shopby-pro-admin/a_Member")): Object: 'Object Repository/Page_shopby-pro-admin/a_Member' is clicked on

2022-01-17 08:55:20 - [MESSAGE][PASSED] - Object: 'Object Repository/Page_shopby-pro-admin/a_Member' is clicked on

2022-01-17 08:55:20 - [TEST_STEP][PASSED] - click(findTestObject("Page_shopby-pro-admin/span__MailManagement")): Object: 'Object Repository/Page_shopby-pro-admin/span__MailManagement' is clicked on

2022-01-17 08:55:21 - [MESSAGE][PASSED] - Object: 'Object Repository/Page_shopby-pro-admin/span__MailManagement' is clicked on

2022-01-17 08:55:21 - [TEST_STEP][PASSED] - click(findTestObject("Page_shopby-pro-admin/a__MailManagement")): Object: 'Object Repository/Page_shopby-pro-admin/a__MailManagement' is clicked on

2022-01-17 08:55:22 - [MESSAGE][PASSED] - Object: 'Object Repository/Page_shopby-pro-admin/a__MailManagement' is clicked on]]></system-out>
         <system-err><![CDATA[]]></system-err>
      </testcase>
      <system-out><![CDATA[2022-01-17 08:54:38 - [TEST_SUITE][PASSED] - member: Test Cases/Mail Management]]></system-out>
      <system-err><![CDATA[]]></system-err>
   </testsuite>
</testsuites>
